<?xml version="1.0" encoding="UTF-8"?>
<!-- Generated by org.testng.reporters.JUnitXMLReporter -->
<testsuite hostname="LAPTOP-N61OB3H5" ignored="0" name="ConfigPage" tests="3" failures="0" timestamp="2021-04-15T18:21:37 IST" time="104.786" errors="0">
  <testcase name="verifyConfigPage" time="0.05" classname="psModule.ConfigPageTest"/>
  <testcase name="validateGuestLoginBtn" time="0.1" classname="psModule.ConfigPageTest"/>
  <testcase name="validateDisableBtn" time="5.557" classname="psModule.ConfigPageTest"/>
</testsuite> <!-- ConfigPage -->
