<?xml version="1.0" encoding="UTF-8"?>
<!-- Generated by org.testng.reporters.JUnitXMLReporter -->
<testsuite hostname="LAPTOP-N61OB3H5" ignored="0" name="Frontend" tests="1" failures="0" timestamp="2021-04-15T18:21:48 IST" time="10.296" errors="0">
  <testcase name="@BeforeMethod setUp" time="10.286" classname="psModule.FrontHomePageTest">
    <failure type="java.lang.NullPointerException">
      <![CDATA[java.lang.NullPointerException
at psModule.FrontHomePageTest.setUp(FrontHomePageTest.java:36)
at java.util.ArrayList.forEach(Unknown Source)
... Removed 31 stack frames]]>
    </failure>
  </testcase> <!-- @BeforeMethod setUp -->
  <testcase name="@AfterMethod tearDown" time="-1.618491108048E9" classname="psModule.FrontHomePageTest">
    <skipped/>
  </testcase> <!-- @AfterMethod tearDown -->
  <testcase name="verifyGuestLoginBtn" time="0.0" classname="psModule.FrontHomePageTest">
    <skipped/>
  </testcase> <!-- verifyGuestLoginBtn -->
</testsuite> <!-- Frontend -->
